Sat Mar 17 2018 21:29:38 GMT+0700 (WIB): GET /
Sat Mar 17 2018 21:29:40 GMT+0700 (WIB): GET /about
Sat Mar 17 2018 21:29:57 GMT+0700 (WIB): GET /bad
Sat Mar 17 2018 21:31:05 GMT+0700 (WIB): GET /
Sat Mar 17 2018 21:32:38 GMT+0700 (WIB): GET /about
Sat Mar 17 2018 21:32:39 GMT+0700 (WIB): GET /
Sat Mar 17 2018 21:32:41 GMT+0700 (WIB): GET /about
Sat Mar 17 2018 21:35:23 GMT+0700 (WIB): GET /about
Sat Mar 17 2018 21:35:53 GMT+0700 (WIB): GET /about
Sat Mar 17 2018 21:37:37 GMT+0700 (WIB): GET /help.html
Sat Mar 17 2018 21:37:53 GMT+0700 (WIB): GET /help.html
Sat Mar 17 2018 21:38:04 GMT+0700 (WIB): GET /
Sat Mar 17 2018 21:38:18 GMT+0700 (WIB): GET /
Sat Mar 17 2018 21:38:20 GMT+0700 (WIB): GET /about
Sat Mar 17 2018 21:38:21 GMT+0700 (WIB): GET /
Sat Mar 17 2018 21:38:22 GMT+0700 (WIB): GET /about
Sat Mar 17 2018 21:38:23 GMT+0700 (WIB): GET /
Sun Mar 18 2018 17:01:45 GMT+0700 (WIB): GET /
Sun Mar 18 2018 17:01:45 GMT+0700 (WIB): GET /favicon.ico
Sun Mar 18 2018 17:01:48 GMT+0700 (WIB): GET /
Sun Mar 18 2018 17:01:49 GMT+0700 (WIB): GET /about
Sun Mar 18 2018 17:01:50 GMT+0700 (WIB): GET /
Sun Mar 18 2018 17:26:06 GMT+0700 (WIB): GET /about
Sun Mar 18 2018 17:37:27 GMT+0700 (WIB): GET /about
Sun Mar 18 2018 17:37:29 GMT+0700 (WIB): GET /
Sun Mar 18 2018 17:49:45 GMT+0700 (WIB): GET /
Sun Mar 18 2018 17:49:47 GMT+0700 (WIB): GET /
Sun Mar 18 2018 18:02:10 GMT+0700 (WIB): GET /
Sun Mar 18 2018 18:02:13 GMT+0700 (WIB): GET /projects
Sun Mar 18 2018 18:02:47 GMT+0700 (WIB): GET /projects
